Filtered due to incorrect strain format: A/chicken/Liaoning/21/7/2007 2007/09/ 4 (HA)
Filtered because could not assign to a country: A/chicken/Lincang/711/2008  Lincang
Filtered because could not assign to a country: A/chicken/Puer/411/2009  Puer
Filtered due to incorrect strain format: A/chicken/Liaoning/41/17/2007 2007/09/ 4 (HA)
Filtered due to 4 fields, but host in first column: A/Chicken/Tianjin/2009 
Filtered because could not assign to a country: A/chicken/Baoshan/711/2008  Baoshan
Filtered because could not assign to a country: A/chicken/Yangzhou/754/2014  Yangzhou
Filtered because could not assign to a country: A/chicken/Dehong/411/2009  Dehong
Filtered because could not assign to a country: A/chicken/Yangzhou/2/2012  Yangzhou
Filtered because could not assign to a country: A/chicken/Wujin/19/2011  Wujin
Filtered because could not assign to a country: A/chicken/Huzhou/3861/2013  Huzhou
Filtered because could not assign to a country: A/chicken/Huzhou/3801/2013  Huzhou
Filtered because could not assign to a country: A/chicken/Jingmen/JM0305/2017  Jingmen
Filtered because could not assign to a country: A/chicken/Suqian/SQ1602/2016  Suqian
Filtered due to 4 fields, but host in first column: A/chicken/Hubei/2014 
Filtered because could not assign to a country: A/chicken/Daye/DY0602/2017  Daye
Filtered because could not assign to a country: A/chicken/Jinan/3925/2013  Jinan
Filtered because could not assign to a country: A/Lengshuitan/11197/2013  Lengshuitan
Filtered because could not assign to a country: A/chicken/Yangzhou/752/2014  Yangzhou
Filtered because could not assign to a country: A/chicken/Yangzhou/753/2014  Yangzhou
Filtered because could not assign to a country: A/chicken/Yangzhou/640/2013  Yangzhou
Filtered because could not assign to a country: A/common teal/Nanji/NJ-101/2014  Nanji
Filtered because could not assign to a country: A/Anthropoides virgo/Baicheng/219/2013  Baicheng
Filtered because could not assign to a country: A/muscovy duck/Quang Ninh/132/2013  Quang_Ninh
Filtered because could not assign to a country: A/chicken/XinjiangBaicheng/1/2014  XinjiangBaicheng
Filtered because could not assign to a country: A/chicken/Yangzhou/253/2013  Yangzhou
Filtered because could not assign to a country: A/chicken/Nantong/713/2013  Nantong
Filtered because could not assign to a country: A/chicken/Yangzhou/543/2013  Yangzhou
Filtered because could not assign to a country: A/chicken/Yangzhou/562/2013  Yangzhou
Filtered because could not assign to a country: A/chicken/Yangzhou/707/2013  Yangzhou
Filtered because could not assign to a country: A/chicken/Yangzhou/737/2013  Yangzhou
Filtered because could not assign to a country: A/chicken/HeNan/e6/2009  HeNan
Filtered because could not assign to a country: A/chicken/Yangzhou/727/2013  Yangzhou
Filtered because could not assign to a country: A/chicken/Yangzhou/636/2013  Yangzhou
Filtered because could not assign to a country: A/chicken/Yangzhou/587/2013  Yangzhou
Filtered because could not assign to a country: A/muscovy duck/Quang Ninh/11/2013  Quang_Ninh
Filtered because could not assign to a country: A/chicken/JinShui/JS1002/2018  JinShui
Filtered because could not assign to a country: A/chicken/Baoshan/111/2009  Baoshan
Filtered because could not assign to a country: A/chicken/Sandong/Li/2008  Sandong
Filtered because could not assign to a country: A/chicken/Wenshan/412/2009  Wenshan
Filtered because could not assign to a country: A/chicken/HoChiMinh/0181/2013  HoChiMinh
Filtered because could not assign to a country: A/chicken/HoChiMinh/0187/2014  HoChiMinh
Filtered because could not assign to a country: A/chicken/HoChiMinh/0190/2014  HoChiMinh
Filtered because could not assign to a country: A/chicken/HoChiMinh/0196/2014  HoChiMinh
Filtered because could not assign to a country: A/chicken/TayNinh/0200/2014  TayNinh
Filtered because could not assign to a country: A/chicken/VungTau/0189/2014  VungTau
Filtered due to incorrect strain format: A/chicken/Hubei // 4 (HA)
Filtered due to incorrect strain format: A/duck/China // 4 (HA)
Filtered because could not assign to a country: A/chicken/YN/BanNa2/2006  YN
Filtered because could not assign to a country: A/chicken/Yangzhou/YZ/2000  Yangzhou
Filtered because could not assign to a country: A/Chicken/Gangxi/2/00  Gangxi
Filtered because could not assign to a country: A/chicken/Yangzhou/229/2013  Yangzhou
Filtered because could not assign to a country: A/Chicken/Tianjing/1/96  Tianjing
Filtered because could not assign to a country: A/Chicken/Tianjing/2/96  Tianjing
Filtered because could not assign to a country: A/chicken/Mudanjiang/0823/2000  Mudanjiang
Filtered because could not assign to a country: A/chicken/Yancheng/680/2013  Yancheng
Filtered because could not assign to a country: A/chicken/Shenyang/W2/2011  Shenyang
Filtered because could not assign to a country: A/chicken/Quang Ninh/26/2013  Quang_Ninh
Filtered because could not assign to a country: A/American wigeon/Mexico-Sonora/769/2008  Mexico-Sonora
Filtered because could not assign to a country: A/wild waterfowl/Dongting/2123/2011  Dongting
Filtered because could not assign to a country: A/wild waterfowl/Dongting/C4296/2012  Dongting
Filtered because could not assign to a country: A/mallard duck/ALB/396/1983  ALB
Filtered because could not assign to a country: A/mallard duck/ALB/506/1983  ALB
Filtered because could not assign to a country: A/baikal teal/Xianghai/421/2011  Xianghai
Filtered because could not assign to a country: A/black-headed gull/Republic of Georgia/8/2011  Republic_of_Georgia
Filtered due to 4 fields, but host in first column: A/duck/Malaysia/2001 
Filtered because could not assign to a country: A/chicken/Attock/NARC-14994/2009  Attock
Filtered because could not assign to a country: A/chicken/El Fayoum/CAI25/2011  El_Fayoum
Filtered due to incorrect strain format: A/reassortant/H9N2:pH1N1_RGpassage7(quail/Hong Kong/G1/1997 x California/04/2009) NON// 4 (HA)
Filtered due to incorrect strain format: A/chicken/Iran/12VIR/9630/1998 1998// 4 (HA)
Filtered because could not assign to a country: A/chicken/Tel Adashim/786/2001  Tel_Adashim
Filtered because could not assign to a country: A/ostrich/Eshkol/1436/2003  Eshkol
Filtered because could not assign to a country: A/turkey/Givat Haim/965/2002  Givat_Haim
Filtered because could not assign to a country: A/turkey/Neve Ilan/90710/2000  Neve_Ilan
Filtered because could not assign to a country: A/chicken/Middle East/ED-1/1999  Middle_East
Filtered because could not assign to a country: A/chicken/Talmei Elazar/1304/03  Talmei_Elazar
Filtered because could not assign to a country: A/turkey/Beit HaLevi/1562/04  Beit_HaLevi
Filtered because could not assign to a country: A/avian/Libya/RV35D/2006  Libya
Filtered because could not assign to a country: A/chicken/Chandigarh/2048/2003  Chandigarh
Filtered because could not assign to a country: A/chicken/Uchal/8286/2006  Uchal
Filtered due to 4 fields, but host in first column: A/chicken/G-Karachi/2003 
Filtered because could not assign to a country: A/chicken/Abbottabad/NARC-04N-233/2004  Abbottabad
Filtered because could not assign to a country: A/chicken/Faisalabad/NARC-805/2004  Faisalabad
Filtered because could not assign to a country: A/crow/Tarbela/NARC-05N-696/2005  Tarbela
Filtered because could not assign to a country: A/chicken/Sawabi/NARC-2434/2006  Sawabi
Filtered because could not assign to a country: A/chicken/Sihala/NARC-12103/2008  Sihala
Filtered because could not assign to a country: A/coot/Sanghar/NARC-05N-753/2005  Sanghar
Filtered because could not assign to a country: A/chicken/Sihala/NARC-04N-087/2004  Sihala
Filtered because could not assign to a country: A/egret/Tarbela/NARC-05N-694/2005  Tarbela
Filtered because could not assign to a country: A/chicken/kenitra/IAPP16S-04P_16w/2016  kenitra
Filtered because could not assign to a country: A/chiken/Nador/FCS1_29/2016  Nador
Filtered because could not assign to a country: A/pika/Menyuan/01/2008  Menyuan

Total records written 2420
Filtered due to incorrect strain id: 6
Filtered due to host in first column: 4
Filtered due to missing country: 82

